<?xml version="1.0" encoding="UTF-8"?>
<!-- Generated by org.testng.reporters.JUnitReportReporter -->
<testsuite name="com.qa.hubspot.tests.LoginPageTest" tests="6" time="13.827" ignored="0" failures="0" timestamp="03 May 2020 03:58:42 GMT" skipped="0" hostname="DESKTOP-66SGQGC" errors="0">
  <testcase name="verifyForgotPasswordTest" time="0.046" classname="com.qa.hubspot.tests.LoginPageTest"/>
  <testcase name="verifySignUpLinkTest" time="0.691" classname="com.qa.hubspot.tests.LoginPageTest"/>
  <testcase name="verifShowPasswordLinkTest" time="0.054" classname="com.qa.hubspot.tests.LoginPageTest"/>
  <testcase name="verifyLoginPageTitleTest" time="0.217" classname="com.qa.hubspot.tests.LoginPageTest"/>
  <testcase name="verifycheckloginSSOButtonTest" time="0.035" classname="com.qa.hubspot.tests.LoginPageTest"/>
  <testcase name="loginTest" time="12.784" classname="com.qa.hubspot.tests.LoginPageTest"/>
</testsuite> <!-- com.qa.hubspot.tests.LoginPageTest -->
