<?xml version="1.0" encoding="UTF-8"?>
<!-- Generated by org.testng.reporters.JUnitReportReporter -->
<testsuite name="com.qa.hubspot.tests.ContactsPageTest" tests="4" time="66.230" ignored="0" failures="0" timestamp="28 Apr 2020 01:14:07 GMT" skipped="0" hostname="DESKTOP-66SGQGC" errors="0">
  <testcase name="createNewContactTest" time="21.819" classname="com.qa.hubspot.tests.ContactsPageTest"/>
  <testcase name="verifyContactsPageTitle" time="0.531" classname="com.qa.hubspot.tests.ContactsPageTest"/>
  <testcase name="createNewContactTest" time="23.083" classname="com.qa.hubspot.tests.ContactsPageTest"/>
  <testcase name="createNewContactTest" time="20.797" classname="com.qa.hubspot.tests.ContactsPageTest"/>
</testsuite> <!-- com.qa.hubspot.tests.ContactsPageTest -->
