<?xml version="1.0" encoding="UTF-8"?>
<!-- Generated by org.testng.reporters.JUnitReportReporter -->
<testsuite skipped="0" hostname="DESKTOP-66SGQGC" name="com.qa.hubspot.tests.LoginPageTest" tests="6" failures="0" timestamp="29 Apr 2020 23:20:10 GMT" time="15.943" errors="0">
  <testcase name="verifyLoginPageTitleTest" time="0.201" classname="com.qa.hubspot.tests.LoginPageTest"/>
  <testcase name="verifySignUpLinkTest" time="0.951" classname="com.qa.hubspot.tests.LoginPageTest"/>
  <testcase name="verifShowPasswordLinkTest" time="0.096" classname="com.qa.hubspot.tests.LoginPageTest"/>
  <testcase name="verifyForgotPasswordTest" time="0.077" classname="com.qa.hubspot.tests.LoginPageTest"/>
  <testcase name="verifycheckloginSSOButtonTest" time="0.058" classname="com.qa.hubspot.tests.LoginPageTest"/>
  <testcase name="loginTest" time="14.560" classname="com.qa.hubspot.tests.LoginPageTest"/>
</testsuite> <!-- com.qa.hubspot.tests.LoginPageTest -->
