<?xml version="1.0" encoding="UTF-8"?>
<!-- Generated by org.testng.reporters.JUnitReportReporter -->
<testsuite skipped="0" hostname="DESKTOP-66SGQGC" name="com.qa.hubspot.tests.LoginPageTest" tests="6" failures="0" timestamp="03 May 2020 04:32:34 GMT" time="16.016" errors="0">
  <testcase name="verifyLoginPageTitleTest" time="0.204" classname="com.qa.hubspot.tests.LoginPageTest"/>
  <testcase name="verifySignUpLinkTest" time="1.145" classname="com.qa.hubspot.tests.LoginPageTest"/>
  <testcase name="verifShowPasswordLinkTest" time="0.046" classname="com.qa.hubspot.tests.LoginPageTest"/>
  <testcase name="verifyForgotPasswordTest" time="0.045" classname="com.qa.hubspot.tests.LoginPageTest"/>
  <testcase name="verifycheckloginSSOButtonTest" time="0.056" classname="com.qa.hubspot.tests.LoginPageTest"/>
  <testcase name="loginTest" time="14.520" classname="com.qa.hubspot.tests.LoginPageTest"/>
</testsuite> <!-- com.qa.hubspot.tests.LoginPageTest -->
